# JRE version: Java(TM) SE Runtime Environment (8.0_161-b12) (build 1.8.0_161-b12)
# Java VM: Java HotSpot(TM) 64-Bit Server VM (25.161-b12 mixed mode windows-amd64 compressed oops)
Heap:
 PSYoungGen      total 147456K, used 102892K [0x00000000d5f00000, 0x00000000e2600000, 0x0000000100000000)
  eden space 132096K, 77% used [0x00000000d5f00000,0x00000000dc37b0f8,0x00000000de000000)
  from space 15360K, 0% used [0x00000000de000000,0x00000000de000000,0x00000000def00000)
  to   space 16384K, 0% used [0x00000000e1600000,0x00000000e1600000,0x00000000e2600000)
 ParOldGen       total 136192K, used 31386K [0x0000000081c00000, 0x000000008a100000, 0x00000000d5f00000)
  object space 136192K, 23% used [0x0000000081c00000,0x0000000083aa6830,0x000000008a100000)
 Metaspace       used 62939K, capacity 65402K, committed 65536K, reserved 1105920K
  class space    used 8515K, capacity 8957K, committed 8960K, reserved 1048576K
GC Heap History (10 events):
Event: 11.050 GC heap before
{Heap before GC invocations=12 (full 2):
 PSYoungGen      total 112640K, used 9351K [0x00000000d5f00000, 0x00000000ddc00000, 0x0000000100000000)
  eden space 101888K, 0% used [0x00000000d5f00000,0x00000000d5f00000,0x00000000dc280000)
  from space 10752K, 86% used [0x00000000dce00000,0x00000000dd721ed8,0x00000000dd880000)
  to   space 11776K, 0% used [0x00000000dc280000,0x00000000dc280000,0x00000000dce00000)
 ParOldGen       total 59904K, used 10977K [0x0000000081c00000, 0x0000000085680000, 0x00000000d5f00000)
  object space 59904K, 18% used [0x0000000081c00000,0x00000000826b87d8,0x0000000085680000)
 Metaspace       used 33901K, capacity 35368K, committed 35416K, reserved 1079296K
  class space    used 4380K, capacity 4688K, committed 4736K, reserved 1048576K
Event: 11.159 GC heap after
Heap after GC invocations=12 (full 2):
 PSYoungGen      total 112640K, used 0K [0x00000000d5f00000, 0x00000000ddc00000, 0x0000000100000000)
  eden space 101888K, 0% used [0x00000000d5f00000,0x00000000d5f00000,0x00000000dc280000)
  from space 10752K, 0% used [0x00000000dce00000,0x00000000dce00000,0x00000000dd880000)
  to   space 11776K, 0% used [0x00000000dc280000,0x00000000dc280000,0x00000000dce00000)
 ParOldGen       total 89088K, used 14106K [0x0000000081c00000, 0x0000000087300000, 0x00000000d5f00000)
  object space 89088K, 15% used [0x0000000081c00000,0x00000000829c6860,0x0000000087300000)
 Metaspace       used 33901K, capacity 35368K, committed 35416K, reserved 1079296K
  class space    used 4380K, capacity 4688K, committed 4736K, reserved 1048576K
}
Event: 13.740 GC heap before
{Heap before GC invocations=13 (full 2):
 PSYoungGen      total 112640K, used 101888K [0x00000000d5f00000, 0x00000000ddc00000, 0x0000000100000000)
  eden space 101888K, 100% used [0x00000000d5f00000,0x00000000dc280000,0x00000000dc280000)
  from space 10752K, 0% used [0x00000000dce00000,0x00000000dce00000,0x00000000dd880000)
  to   space 11776K, 0% used [0x00000000dc280000,0x00000000dc280000,0x00000000dce00000)
 ParOldGen       total 89088K, used 14106K [0x0000000081c00000, 0x0000000087300000, 0x00000000d5f00000)
  object space 89088K, 15% used [0x0000000081c00000,0x00000000829c6860,0x0000000087300000)
 Metaspace       used 39056K, capacity 40658K, committed 40960K, reserved 1085440K
  class space    used 5009K, capacity 5325K, committed 5376K, reserved 1048576K
Event: 13.765 GC heap after
Heap after GC invocations=13 (full 2):
 PSYoungGen      total 113664K, used 9388K [0x00000000d5f00000, 0x00000000dfb00000, 0x0000000100000000)
  eden space 101888K, 0% used [0x00000000d5f00000,0x00000000d5f00000,0x00000000dc280000)
  from space 11776K, 79% used [0x00000000dc280000,0x00000000dcbab330,0x00000000dce00000)
  to   space 12288K, 0% used [0x00000000def00000,0x00000000def00000,0x00000000dfb00000)
 ParOldGen       total 89088K, used 14114K [0x0000000081c00000, 0x0000000087300000, 0x00000000d5f00000)
  object space 89088K, 15% used [0x0000000081c00000,0x00000000829c8860,0x0000000087300000)
 Metaspace       used 39056K, capacity 40658K, committed 40960K, reserved 1085440K
  class space    used 5009K, capacity 5325K, committed 5376K, reserved 1048576K
}
Event: 16.155 GC heap before
{Heap before GC invocations=14 (full 2):
 PSYoungGen      total 113664K, used 111276K [0x00000000d5f00000, 0x00000000dfb00000, 0x0000000100000000)
  eden space 101888K, 100% used [0x00000000d5f00000,0x00000000dc280000,0x00000000dc280000)
  from space 11776K, 79% used [0x00000000dc280000,0x00000000dcbab330,0x00000000dce00000)
  to   space 12288K, 0% used [0x00000000def00000,0x00000000def00000,0x00000000dfb00000)
 ParOldGen       total 89088K, used 14114K [0x0000000081c00000, 0x0000000087300000, 0x00000000d5f00000)
  object space 89088K, 15% used [0x0000000081c00000,0x00000000829c8860,0x0000000087300000)
 Metaspace       used 48943K, capacity 50692K, committed 50944K, reserved 1093632K
  class space    used 6505K, capacity 6838K, committed 6912K, reserved 1048576K
Event: 16.177 GC heap after
Heap after GC invocations=14 (full 2):
 PSYoungGen      total 144384K, used 12282K [0x00000000d5f00000, 0x00000000dff80000, 0x0000000100000000)
  eden space 132096K, 0% used [0x00000000d5f00000,0x00000000d5f00000,0x00000000de000000)
  from space 12288K, 99% used [0x00000000def00000,0x00000000dfafebc0,0x00000000dfb00000)
  to   space 15360K, 0% used [0x00000000de000000,0x00000000de000000,0x00000000def00000)
 ParOldGen       total 89088K, used 18766K [0x0000000081c00000, 0x0000000087300000, 0x00000000d5f00000)
  object space 89088K, 21% used [0x0000000081c00000,0x0000000082e53820,0x0000000087300000)
 Metaspace       used 48943K, capacity 50692K, committed 50944K, reserved 1093632K
  class space    used 6505K, capacity 6838K, committed 6912K, reserved 1048576K
}
Event: 19.338 GC heap before
{Heap before GC invocations=15 (full 2):
 PSYoungGen      total 144384K, used 131533K [0x00000000d5f00000, 0x00000000dff80000, 0x0000000100000000)
  eden space 132096K, 90% used [0x00000000d5f00000,0x00000000dd374898,0x00000000de000000)
  from space 12288K, 99% used [0x00000000def00000,0x00000000dfafebc0,0x00000000dfb00000)
  to   space 15360K, 0% used [0x00000000de000000,0x00000000de000000,0x00000000def00000)
 ParOldGen       total 89088K, used 18766K [0x0000000081c00000, 0x0000000087300000, 0x00000000d5f00000)
  object space 89088K, 21% used [0x0000000081c00000,0x0000000082e53820,0x0000000087300000)
 Metaspace       used 56836K, capacity 58698K, committed 59008K, reserved 1099776K
  class space    used 7692K, capacity 8047K, committed 8064K, reserved 1048576K
Event: 19.366 GC heap after
Heap after GC invocations=15 (full 2):
 PSYoungGen      total 147456K, used 12676K [0x00000000d5f00000, 0x00000000e2600000, 0x0000000100000000)
  eden space 132096K, 0% used [0x00000000d5f00000,0x00000000d5f00000,0x00000000de000000)
  from space 15360K, 82% used [0x00000000de000000,0x00000000dec613f0,0x00000000def00000)
  to   space 16384K, 0% used [0x00000000e1600000,0x00000000e1600000,0x00000000e2600000)
 ParOldGen       total 89088K, used 24957K [0x0000000081c00000, 0x0000000087300000, 0x00000000d5f00000)
  object space 89088K, 28% used [0x0000000081c00000,0x000000008345f4f8,0x0000000087300000)
 Metaspace       used 56836K, capacity 58698K, committed 59008K, reserved 1099776K
  class space    used 7692K, capacity 8047K, committed 8064K, reserved 1048576K
}
Event: 19.366 GC heap before
{Heap before GC invocations=16 (full 3):
 PSYoungGen      total 147456K, used 12676K [0x00000000d5f00000, 0x00000000e2600000, 0x0000000100000000)
  eden space 132096K, 0% used [0x00000000d5f00000,0x00000000d5f00000,0x00000000de000000)
  from space 15360K, 82% used [0x00000000de000000,0x00000000dec613f0,0x00000000def00000)
  to   space 16384K, 0% used [0x00000000e1600000,0x00000000e1600000,0x00000000e2600000)
 ParOldGen       total 89088K, used 24957K [0x0000000081c00000, 0x0000000087300000, 0x00000000d5f00000)
  object space 89088K, 28% used [0x0000000081c00000,0x000000008345f4f8,0x0000000087300000)
 Metaspace       used 56836K, capacity 58698K, committed 59008K, reserved 1099776K
  class space    used 7692K, capacity 8047K, committed 8064K, reserved 1048576K
Event: 19.641 GC heap after
Heap after GC invocations=16 (full 3):
 PSYoungGen      total 147456K, used 0K [0x00000000d5f00000, 0x00000000e2600000, 0x0000000100000000)
  eden space 132096K, 0% used [0x00000000d5f00000,0x00000000d5f00000,0x00000000de000000)
  from space 15360K, 0% used [0x00000000de000000,0x00000000de000000,0x00000000def00000)
  to   space 16384K, 0% used [0x00000000e1600000,0x00000000e1600000,0x00000000e2600000)
 ParOldGen       total 136192K, used 31386K [0x0000000081c00000, 0x000000008a100000, 0x00000000d5f00000)
  object space 136192K, 23% used [0x0000000081c00000,0x0000000083aa6830,0x000000008a100000)
 Metaspace       used 56836K, capacity 58698K, committed 59008K, reserved 1099776K
  class space    used 7692K, capacity 8047K, committed 8064K, reserved 1048576K
}

