# JRE version: Java(TM) SE Runtime Environment (8.0_161-b12) (build 1.8.0_161-b12)
# Java VM: Java HotSpot(TM) 64-Bit Server VM (25.161-b12 mixed mode windows-amd64 compressed oops)
Heap:
 PSYoungGen      total 203264K, used 106778K [0x00000000d5f00000, 0x00000000e6600000, 0x0000000100000000)
  eden space 184320K, 48% used [0x00000000d5f00000,0x00000000db6d0330,0x00000000e1300000)
  from space 18944K, 88% used [0x00000000e1300000,0x00000000e2376760,0x00000000e2580000)
  to   space 20992K, 0% used [0x00000000e5180000,0x00000000e5180000,0x00000000e6600000)
 ParOldGen       total 122368K, used 30637K [0x0000000081c00000, 0x0000000089380000, 0x00000000d5f00000)
  object space 122368K, 25% used [0x0000000081c00000,0x00000000839eb4b8,0x0000000089380000)
 Metaspace       used 77782K, capacity 81054K, committed 81152K, reserved 1120256K
  class space    used 10135K, capacity 10699K, committed 10752K, reserved 1048576K
GC Heap History (10 events):
Event: 19.573 GC heap before
{Heap before GC invocations=14 (full 2):
 PSYoungGen      total 118272K, used 116792K [0x00000000d5f00000, 0x00000000e0700000, 0x0000000100000000)
  eden space 106496K, 100% used [0x00000000d5f00000,0x00000000dc700000,0x00000000dc700000)
  from space 11776K, 87% used [0x00000000dc700000,0x00000000dd10e2a8,0x00000000dd280000)
  to   space 12800K, 0% used [0x00000000dfa80000,0x00000000dfa80000,0x00000000e0700000)
 ParOldGen       total 84480K, used 14162K [0x0000000081c00000, 0x0000000086e80000, 0x00000000d5f00000)
  object space 84480K, 16% used [0x0000000081c00000,0x00000000829d4a70,0x0000000086e80000)
 Metaspace       used 49962K, capacity 51700K, committed 52096K, reserved 1093632K
  class space    used 6651K, capacity 7002K, committed 7040K, reserved 1048576K
Event: 19.631 GC heap after
Heap after GC invocations=14 (full 2):
 PSYoungGen      total 156160K, used 12788K [0x00000000d5f00000, 0x00000000e0c00000, 0x0000000100000000)
  eden space 143360K, 0% used [0x00000000d5f00000,0x00000000d5f00000,0x00000000deb00000)
  from space 12800K, 99% used [0x00000000dfa80000,0x00000000e06fd388,0x00000000e0700000)
  to   space 15872K, 0% used [0x00000000deb00000,0x00000000deb00000,0x00000000dfa80000)
 ParOldGen       total 84480K, used 18911K [0x0000000081c00000, 0x0000000086e80000, 0x00000000d5f00000)
  object space 84480K, 22% used [0x0000000081c00000,0x0000000082e77d40,0x0000000086e80000)
 Metaspace       used 49962K, capacity 51700K, committed 52096K, reserved 1093632K
  class space    used 6651K, capacity 7002K, committed 7040K, reserved 1048576K
}
Event: 25.253 GC heap before
{Heap before GC invocations=15 (full 2):
 PSYoungGen      total 156160K, used 120204K [0x00000000d5f00000, 0x00000000e0c00000, 0x0000000100000000)
  eden space 143360K, 74% used [0x00000000d5f00000,0x00000000dc7e5e38,0x00000000deb00000)
  from space 12800K, 99% used [0x00000000dfa80000,0x00000000e06fd388,0x00000000e0700000)
  to   space 15872K, 0% used [0x00000000deb00000,0x00000000deb00000,0x00000000dfa80000)
 ParOldGen       total 84480K, used 18911K [0x0000000081c00000, 0x0000000086e80000, 0x00000000d5f00000)
  object space 84480K, 22% used [0x0000000081c00000,0x0000000082e77d40,0x0000000086e80000)
 Metaspace       used 56861K, capacity 58758K, committed 59008K, reserved 1099776K
  class space    used 7691K, capacity 8047K, committed 8064K, reserved 1048576K
Event: 25.285 GC heap after
Heap after GC invocations=15 (full 2):
 PSYoungGen      total 159232K, used 15870K [0x00000000d5f00000, 0x00000000e3f00000, 0x0000000100000000)
  eden space 143360K, 0% used [0x00000000d5f00000,0x00000000d5f00000,0x00000000deb00000)
  from space 15872K, 99% used [0x00000000deb00000,0x00000000dfa7fbf8,0x00000000dfa80000)
  to   space 18944K, 0% used [0x00000000e2c80000,0x00000000e2c80000,0x00000000e3f00000)
 ParOldGen       total 84480K, used 21127K [0x0000000081c00000, 0x0000000086e80000, 0x00000000d5f00000)
  object space 84480K, 25% used [0x0000000081c00000,0x00000000830a1ea8,0x0000000086e80000)
 Metaspace       used 56861K, capacity 58758K, committed 59008K, reserved 1099776K
  class space    used 7691K, capacity 8047K, committed 8064K, reserved 1048576K
}
Event: 25.285 GC heap before
{Heap before GC invocations=16 (full 3):
 PSYoungGen      total 159232K, used 15870K [0x00000000d5f00000, 0x00000000e3f00000, 0x0000000100000000)
  eden space 143360K, 0% used [0x00000000d5f00000,0x00000000d5f00000,0x00000000deb00000)
  from space 15872K, 99% used [0x00000000deb00000,0x00000000dfa7fbf8,0x00000000dfa80000)
  to   space 18944K, 0% used [0x00000000e2c80000,0x00000000e2c80000,0x00000000e3f00000)
 ParOldGen       total 84480K, used 21127K [0x0000000081c00000, 0x0000000086e80000, 0x00000000d5f00000)
  object space 84480K, 25% used [0x0000000081c00000,0x00000000830a1ea8,0x0000000086e80000)
 Metaspace       used 56861K, capacity 58758K, committed 59008K, reserved 1099776K
  class space    used 7691K, capacity 8047K, committed 8064K, reserved 1048576K
Event: 25.636 GC heap after
Heap after GC invocations=16 (full 3):
 PSYoungGen      total 159232K, used 0K [0x00000000d5f00000, 0x00000000e3f00000, 0x0000000100000000)
  eden space 143360K, 0% used [0x00000000d5f00000,0x00000000d5f00000,0x00000000deb00000)
  from space 15872K, 0% used [0x00000000deb00000,0x00000000deb00000,0x00000000dfa80000)
  to   space 18944K, 0% used [0x00000000e2c80000,0x00000000e2c80000,0x00000000e3f00000)
 ParOldGen       total 122368K, used 30613K [0x0000000081c00000, 0x0000000089380000, 0x00000000d5f00000)
  object space 122368K, 25% used [0x0000000081c00000,0x00000000839e54b8,0x0000000089380000)
 Metaspace       used 56861K, capacity 58758K, committed 59008K, reserved 1099776K
  class space    used 7691K, capacity 8047K, committed 8064K, reserved 1048576K
}
Event: 30.540 GC heap before
{Heap before GC invocations=17 (full 3):
 PSYoungGen      total 159232K, used 143360K [0x00000000d5f00000, 0x00000000e3f00000, 0x0000000100000000)
  eden space 143360K, 100% used [0x00000000d5f00000,0x00000000deb00000,0x00000000deb00000)
  from space 15872K, 0% used [0x00000000deb00000,0x00000000deb00000,0x00000000dfa80000)
  to   space 18944K, 0% used [0x00000000e2c80000,0x00000000e2c80000,0x00000000e3f00000)
 ParOldGen       total 122368K, used 30613K [0x0000000081c00000, 0x0000000089380000, 0x00000000d5f00000)
  object space 122368K, 25% used [0x0000000081c00000,0x00000000839e54b8,0x0000000089380000)
 Metaspace       used 64390K, capacity 67128K, committed 67328K, reserved 1107968K
  class space    used 8717K, capacity 9206K, committed 9216K, reserved 1048576K
Event: 30.573 GC heap after
Heap after GC invocations=17 (full 3):
 PSYoungGen      total 194560K, used 11658K [0x00000000d5f00000, 0x00000000e3800000, 0x0000000100000000)
  eden space 182784K, 0% used [0x00000000d5f00000,0x00000000d5f00000,0x00000000e1180000)
  from space 11776K, 99% used [0x00000000e2c80000,0x00000000e37e2a38,0x00000000e3800000)
  to   space 18944K, 0% used [0x00000000e1300000,0x00000000e1300000,0x00000000e2580000)
 ParOldGen       total 122368K, used 30621K [0x0000000081c00000, 0x0000000089380000, 0x00000000d5f00000)
  object space 122368K, 25% used [0x0000000081c00000,0x00000000839e74b8,0x0000000089380000)
 Metaspace       used 64390K, capacity 67128K, committed 67328K, reserved 1107968K
  class space    used 8717K, capacity 9206K, committed 9216K, reserved 1048576K
}
Event: 53.223 GC heap before
{Heap before GC invocations=18 (full 3):
 PSYoungGen      total 194560K, used 194442K [0x00000000d5f00000, 0x00000000e3800000, 0x0000000100000000)
  eden space 182784K, 100% used [0x00000000d5f00000,0x00000000e1180000,0x00000000e1180000)
  from space 11776K, 99% used [0x00000000e2c80000,0x00000000e37e2a38,0x00000000e3800000)
  to   space 18944K, 0% used [0x00000000e1300000,0x00000000e1300000,0x00000000e2580000)
 ParOldGen       total 122368K, used 30621K [0x0000000081c00000, 0x0000000089380000, 0x00000000d5f00000)
  object space 122368K, 25% used [0x0000000081c00000,0x00000000839e74b8,0x0000000089380000)
 Metaspace       used 75375K, capacity 78676K, committed 78848K, reserved 1118208K
  class space    used 9872K, capacity 10458K, committed 10496K, reserved 1048576K
Event: 53.302 GC heap after
Heap after GC invocations=18 (full 3):
 PSYoungGen      total 203264K, used 16857K [0x00000000d5f00000, 0x00000000e6600000, 0x0000000100000000)
  eden space 184320K, 0% used [0x00000000d5f00000,0x00000000d5f00000,0x00000000e1300000)
  from space 18944K, 88% used [0x00000000e1300000,0x00000000e2376760,0x00000000e2580000)
  to   space 20992K, 0% used [0x00000000e5180000,0x00000000e5180000,0x00000000e6600000)
 ParOldGen       total 122368K, used 30637K [0x0000000081c00000, 0x0000000089380000, 0x00000000d5f00000)
  object space 122368K, 25% used [0x0000000081c00000,0x00000000839eb4b8,0x0000000089380000)
 Metaspace       used 75375K, capacity 78676K, committed 78848K, reserved 1118208K
  class space    used 9872K, capacity 10458K, committed 10496K, reserved 1048576K
}

