# JRE version: Java(TM) SE Runtime Environment (8.0_161-b12) (build 1.8.0_161-b12)
# Java VM: Java HotSpot(TM) 64-Bit Server VM (25.161-b12 mixed mode windows-amd64 compressed oops)
Heap:
 PSYoungGen      total 238080K, used 129884K [0x00000000d5f00000, 0x00000000e6000000, 0x0000000100000000)
  eden space 222208K, 58% used [0x00000000d5f00000,0x00000000dddd7238,0x00000000e3800000)
  from space 15872K, 0% used [0x00000000e4b80000,0x00000000e4b80000,0x00000000e5b00000)
  to   space 19968K, 0% used [0x00000000e3800000,0x00000000e3800000,0x00000000e4b80000)
 ParOldGen       total 83456K, used 33668K [0x0000000081c00000, 0x0000000086d80000, 0x00000000d5f00000)
  object space 83456K, 40% used [0x0000000081c00000,0x0000000083ce10f0,0x0000000086d80000)
 Metaspace       used 64040K, capacity 66684K, committed 66816K, reserved 1107968K
  class space    used 8678K, capacity 9132K, committed 9216K, reserved 1048576K
GC Heap History (10 events):
Event: 11.604 GC heap before
{Heap before GC invocations=9 (full 1):
 PSYoungGen      total 116224K, used 31992K [0x00000000d5f00000, 0x00000000e1f00000, 0x0000000100000000)
  eden space 107008K, 21% used [0x00000000d5f00000,0x00000000d753e330,0x00000000dc780000)
  from space 9216K, 99% used [0x00000000dc780000,0x00000000dd07fe20,0x00000000dd080000)
  to   space 11776K, 0% used [0x00000000e1380000,0x00000000e1380000,0x00000000e1f00000)
 ParOldGen       total 55296K, used 12547K [0x0000000081c00000, 0x0000000085200000, 0x00000000d5f00000)
  object space 55296K, 22% used [0x0000000081c00000,0x0000000082840e30,0x0000000085200000)
 Metaspace       used 33862K, capacity 35366K, committed 35416K, reserved 1079296K
  class space    used 4382K, capacity 4689K, committed 4736K, reserved 1048576K
Event: 11.618 GC heap after
Heap after GC invocations=9 (full 1):
 PSYoungGen      total 184320K, used 9837K [0x00000000d5f00000, 0x00000000e2280000, 0x0000000100000000)
  eden space 172544K, 0% used [0x00000000d5f00000,0x00000000d5f00000,0x00000000e0780000)
  from space 11776K, 83% used [0x00000000e1380000,0x00000000e1d1b750,0x00000000e1f00000)
  to   space 12288K, 0% used [0x00000000e0780000,0x00000000e0780000,0x00000000e1380000)
 ParOldGen       total 55296K, used 12555K [0x0000000081c00000, 0x0000000085200000, 0x00000000d5f00000)
  object space 55296K, 22% used [0x0000000081c00000,0x0000000082842e30,0x0000000085200000)
 Metaspace       used 33862K, capacity 35366K, committed 35416K, reserved 1079296K
  class space    used 4382K, capacity 4689K, committed 4736K, reserved 1048576K
}
Event: 11.618 GC heap before
{Heap before GC invocations=10 (full 2):
 PSYoungGen      total 184320K, used 9837K [0x00000000d5f00000, 0x00000000e2280000, 0x0000000100000000)
  eden space 172544K, 0% used [0x00000000d5f00000,0x00000000d5f00000,0x00000000e0780000)
  from space 11776K, 83% used [0x00000000e1380000,0x00000000e1d1b750,0x00000000e1f00000)
  to   space 12288K, 0% used [0x00000000e0780000,0x00000000e0780000,0x00000000e1380000)
 ParOldGen       total 55296K, used 12555K [0x0000000081c00000, 0x0000000085200000, 0x00000000d5f00000)
  object space 55296K, 22% used [0x0000000081c00000,0x0000000082842e30,0x0000000085200000)
 Metaspace       used 33862K, capacity 35366K, committed 35416K, reserved 1079296K
  class space    used 4382K, capacity 4689K, committed 4736K, reserved 1048576K
Event: 11.725 GC heap after
Heap after GC invocations=10 (full 2):
 PSYoungGen      total 184320K, used 0K [0x00000000d5f00000, 0x00000000e2280000, 0x0000000100000000)
  eden space 172544K, 0% used [0x00000000d5f00000,0x00000000d5f00000,0x00000000e0780000)
  from space 11776K, 0% used [0x00000000e1380000,0x00000000e1380000,0x00000000e1f00000)
  to   space 12288K, 0% used [0x00000000e0780000,0x00000000e0780000,0x00000000e1380000)
 ParOldGen       total 83456K, used 14144K [0x0000000081c00000, 0x0000000086d80000, 0x00000000d5f00000)
  object space 83456K, 16% used [0x0000000081c00000,0x00000000829d0190,0x0000000086d80000)
 Metaspace       used 33862K, capacity 35366K, committed 35416K, reserved 1079296K
  class space    used 4382K, capacity 4689K, committed 4736K, reserved 1048576K
}
Event: 15.998 GC heap before
{Heap before GC invocations=11 (full 2):
 PSYoungGen      total 184320K, used 172544K [0x00000000d5f00000, 0x00000000e2280000, 0x0000000100000000)
  eden space 172544K, 100% used [0x00000000d5f00000,0x00000000e0780000,0x00000000e0780000)
  from space 11776K, 0% used [0x00000000e1380000,0x00000000e1380000,0x00000000e1f00000)
  to   space 12288K, 0% used [0x00000000e0780000,0x00000000e0780000,0x00000000e1380000)
 ParOldGen       total 83456K, used 14144K [0x0000000081c00000, 0x0000000086d80000, 0x00000000d5f00000)
  object space 83456K, 16% used [0x0000000081c00000,0x00000000829d0190,0x0000000086d80000)
 Metaspace       used 45961K, capacity 47634K, committed 48000K, reserved 1091584K
  class space    used 6085K, capacity 6419K, committed 6528K, reserved 1048576K
Event: 16.018 GC heap after
Heap after GC invocations=11 (full 2):
 PSYoungGen      total 184832K, used 12272K [0x00000000d5f00000, 0x00000000e5b00000, 0x0000000100000000)
  eden space 172544K, 0% used [0x00000000d5f00000,0x00000000d5f00000,0x00000000e0780000)
  from space 12288K, 99% used [0x00000000e0780000,0x00000000e137c2f0,0x00000000e1380000)
  to   space 15872K, 0% used [0x00000000e4b80000,0x00000000e4b80000,0x00000000e5b00000)
 ParOldGen       total 83456K, used 18838K [0x0000000081c00000, 0x0000000086d80000, 0x00000000d5f00000)
  object space 83456K, 22% used [0x0000000081c00000,0x0000000082e659a8,0x0000000086d80000)
 Metaspace       used 45961K, capacity 47634K, committed 48000K, reserved 1091584K
  class space    used 6085K, capacity 6419K, committed 6528K, reserved 1048576K
}
Event: 21.346 GC heap before
{Heap before GC invocations=12 (full 2):
 PSYoungGen      total 184832K, used 164329K [0x00000000d5f00000, 0x00000000e5b00000, 0x0000000100000000)
  eden space 172544K, 88% used [0x00000000d5f00000,0x00000000df37e3a0,0x00000000e0780000)
  from space 12288K, 99% used [0x00000000e0780000,0x00000000e137c2f0,0x00000000e1380000)
  to   space 15872K, 0% used [0x00000000e4b80000,0x00000000e4b80000,0x00000000e5b00000)
 ParOldGen       total 83456K, used 18838K [0x0000000081c00000, 0x0000000086d80000, 0x00000000d5f00000)
  object space 83456K, 22% used [0x0000000081c00000,0x0000000082e659a8,0x0000000086d80000)
 Metaspace       used 56851K, capacity 58758K, committed 59008K, reserved 1099776K
  class space    used 7694K, capacity 8047K, committed 8064K, reserved 1048576K
Event: 21.386 GC heap after
Heap after GC invocations=12 (full 2):
 PSYoungGen      total 238080K, used 15854K [0x00000000d5f00000, 0x00000000e6000000, 0x0000000100000000)
  eden space 222208K, 0% used [0x00000000d5f00000,0x00000000d5f00000,0x00000000e3800000)
  from space 15872K, 99% used [0x00000000e4b80000,0x00000000e5afb980,0x00000000e5b00000)
  to   space 19968K, 0% used [0x00000000e3800000,0x00000000e3800000,0x00000000e4b80000)
 ParOldGen       total 83456K, used 24212K [0x0000000081c00000, 0x0000000086d80000, 0x00000000d5f00000)
  object space 83456K, 29% used [0x0000000081c00000,0x00000000833a5180,0x0000000086d80000)
 Metaspace       used 56851K, capacity 58758K, committed 59008K, reserved 1099776K
  class space    used 7694K, capacity 8047K, committed 8064K, reserved 1048576K
}
Event: 21.386 GC heap before
{Heap before GC invocations=13 (full 3):
 PSYoungGen      total 238080K, used 15854K [0x00000000d5f00000, 0x00000000e6000000, 0x0000000100000000)
  eden space 222208K, 0% used [0x00000000d5f00000,0x00000000d5f00000,0x00000000e3800000)
  from space 15872K, 99% used [0x00000000e4b80000,0x00000000e5afb980,0x00000000e5b00000)
  to   space 19968K, 0% used [0x00000000e3800000,0x00000000e3800000,0x00000000e4b80000)
 ParOldGen       total 83456K, used 24212K [0x0000000081c00000, 0x0000000086d80000, 0x00000000d5f00000)
  object space 83456K, 29% used [0x0000000081c00000,0x00000000833a5180,0x0000000086d80000)
 Metaspace       used 56851K, capacity 58758K, committed 59008K, reserved 1099776K
  class space    used 7694K, capacity 8047K, committed 8064K, reserved 1048576K
Event: 21.663 GC heap after
Heap after GC invocations=13 (full 3):
 PSYoungGen      total 238080K, used 0K [0x00000000d5f00000, 0x00000000e6000000, 0x0000000100000000)
  eden space 222208K, 0% used [0x00000000d5f00000,0x00000000d5f00000,0x00000000e3800000)
  from space 15872K, 0% used [0x00000000e4b80000,0x00000000e4b80000,0x00000000e5b00000)
  to   space 19968K, 0% used [0x00000000e3800000,0x00000000e3800000,0x00000000e4b80000)
 ParOldGen       total 83456K, used 33668K [0x0000000081c00000, 0x0000000086d80000, 0x00000000d5f00000)
  object space 83456K, 40% used [0x0000000081c00000,0x0000000083ce10f0,0x0000000086d80000)
 Metaspace       used 56851K, capacity 58758K, committed 59008K, reserved 1099776K
  class space    used 7694K, capacity 8047K, committed 8064K, reserved 1048576K
}

