# JRE version: Java(TM) SE Runtime Environment (8.0_161-b12) (build 1.8.0_161-b12)
# Java VM: Java HotSpot(TM) 64-Bit Server VM (25.161-b12 mixed mode windows-amd64 compressed oops)
Heap:
 PSYoungGen      total 214528K, used 149637K [0x00000000d5f00000, 0x00000000e4480000, 0x0000000100000000)
  eden space 195072K, 76% used [0x00000000d5f00000,0x00000000df121578,0x00000000e1d80000)
  from space 19456K, 0% used [0x00000000e1d80000,0x00000000e1d80000,0x00000000e3080000)
  to   space 14848K, 0% used [0x00000000e3080000,0x00000000e3080000,0x00000000e3f00000)
 ParOldGen       total 90624K, used 25595K [0x0000000081c00000, 0x0000000087480000, 0x00000000d5f00000)
  object space 90624K, 28% used [0x0000000081c00000,0x00000000834fecd0,0x0000000087480000)
 Metaspace       used 64439K, capacity 67154K, committed 67328K, reserved 1107968K
  class space    used 8727K, capacity 9213K, committed 9216K, reserved 1048576K
GC Heap History (10 events):
Event: 12.001 GC heap before
{Heap before GC invocations=10 (full 2):
 PSYoungGen      total 167424K, used 10000K [0x00000000d5f00000, 0x00000000e1300000, 0x0000000100000000)
  eden space 155648K, 0% used [0x00000000d5f00000,0x00000000d5f00000,0x00000000df700000)
  from space 11776K, 84% used [0x00000000e0300000,0x00000000e0cc40a8,0x00000000e0e80000)
  to   space 12288K, 0% used [0x00000000df700000,0x00000000df700000,0x00000000e0300000)
 ParOldGen       total 58880K, used 12271K [0x0000000081c00000, 0x0000000085580000, 0x00000000d5f00000)
  object space 58880K, 20% used [0x0000000081c00000,0x00000000827fbf20,0x0000000085580000)
 Metaspace       used 33885K, capacity 35372K, committed 35416K, reserved 1079296K
  class space    used 4382K, capacity 4692K, committed 4736K, reserved 1048576K
Event: 12.125 GC heap after
Heap after GC invocations=10 (full 2):
 PSYoungGen      total 167424K, used 0K [0x00000000d5f00000, 0x00000000e1300000, 0x0000000100000000)
  eden space 155648K, 0% used [0x00000000d5f00000,0x00000000d5f00000,0x00000000df700000)
  from space 11776K, 0% used [0x00000000e0300000,0x00000000e0300000,0x00000000e0e80000)
  to   space 12288K, 0% used [0x00000000df700000,0x00000000df700000,0x00000000e0300000)
 ParOldGen       total 90624K, used 14322K [0x0000000081c00000, 0x0000000087480000, 0x00000000d5f00000)
  object space 90624K, 15% used [0x0000000081c00000,0x00000000829fca20,0x0000000087480000)
 Metaspace       used 33885K, capacity 35372K, committed 35416K, reserved 1079296K
  class space    used 4382K, capacity 4692K, committed 4736K, reserved 1048576K
}
Event: 16.660 GC heap before
{Heap before GC invocations=11 (full 2):
 PSYoungGen      total 167424K, used 155648K [0x00000000d5f00000, 0x00000000e1300000, 0x0000000100000000)
  eden space 155648K, 100% used [0x00000000d5f00000,0x00000000df700000,0x00000000df700000)
  from space 11776K, 0% used [0x00000000e0300000,0x00000000e0300000,0x00000000e0e80000)
  to   space 12288K, 0% used [0x00000000df700000,0x00000000df700000,0x00000000e0300000)
 ParOldGen       total 90624K, used 14322K [0x0000000081c00000, 0x0000000087480000, 0x00000000d5f00000)
  object space 90624K, 15% used [0x0000000081c00000,0x00000000829fca20,0x0000000087480000)
 Metaspace       used 44431K, capacity 46120K, committed 46336K, reserved 1089536K
  class space    used 5766K, capacity 6088K, committed 6144K, reserved 1048576K
Event: 16.684 GC heap after
Heap after GC invocations=11 (full 2):
 PSYoungGen      total 167936K, used 12287K [0x00000000d5f00000, 0x00000000e3f00000, 0x0000000100000000)
  eden space 155648K, 0% used [0x00000000d5f00000,0x00000000d5f00000,0x00000000df700000)
  from space 12288K, 99% used [0x00000000df700000,0x00000000e02ffd30,0x00000000e0300000)
  to   space 14848K, 0% used [0x00000000e3080000,0x00000000e3080000,0x00000000e3f00000)
 ParOldGen       total 90624K, used 17481K [0x0000000081c00000, 0x0000000087480000, 0x00000000d5f00000)
  object space 90624K, 19% used [0x0000000081c00000,0x0000000082d12590,0x0000000087480000)
 Metaspace       used 44431K, capacity 46120K, committed 46336K, reserved 1089536K
  class space    used 5766K, capacity 6088K, committed 6144K, reserved 1048576K
}
Event: 22.632 GC heap before
{Heap before GC invocations=12 (full 2):
 PSYoungGen      total 167936K, used 167935K [0x00000000d5f00000, 0x00000000e3f00000, 0x0000000100000000)
  eden space 155648K, 100% used [0x00000000d5f00000,0x00000000df700000,0x00000000df700000)
  from space 12288K, 99% used [0x00000000df700000,0x00000000e02ffd30,0x00000000e0300000)
  to   space 14848K, 0% used [0x00000000e3080000,0x00000000e3080000,0x00000000e3f00000)
 ParOldGen       total 90624K, used 17481K [0x0000000081c00000, 0x0000000087480000, 0x00000000d5f00000)
  object space 90624K, 19% used [0x0000000081c00000,0x0000000082d12590,0x0000000087480000)
 Metaspace       used 56218K, capacity 58064K, committed 58496K, reserved 1099776K
  class space    used 7624K, capacity 7970K, committed 8064K, reserved 1048576K
Event: 22.669 GC heap after
Heap after GC invocations=12 (full 2):
 PSYoungGen      total 209920K, used 14847K [0x00000000d5f00000, 0x00000000e4480000, 0x0000000100000000)
  eden space 195072K, 0% used [0x00000000d5f00000,0x00000000d5f00000,0x00000000e1d80000)
  from space 14848K, 99% used [0x00000000e3080000,0x00000000e3effcc8,0x00000000e3f00000)
  to   space 19456K, 0% used [0x00000000e1d80000,0x00000000e1d80000,0x00000000e3080000)
 ParOldGen       total 90624K, used 24002K [0x0000000081c00000, 0x0000000087480000, 0x00000000d5f00000)
  object space 90624K, 26% used [0x0000000081c00000,0x0000000083370aa8,0x0000000087480000)
 Metaspace       used 56218K, capacity 58064K, committed 58496K, reserved 1099776K
  class space    used 7624K, capacity 7970K, committed 8064K, reserved 1048576K
}
Event: 23.064 GC heap before
{Heap before GC invocations=13 (full 2):
 PSYoungGen      total 209920K, used 29005K [0x00000000d5f00000, 0x00000000e4480000, 0x0000000100000000)
  eden space 195072K, 7% used [0x00000000d5f00000,0x00000000d6cd3a30,0x00000000e1d80000)
  from space 14848K, 99% used [0x00000000e3080000,0x00000000e3effcc8,0x00000000e3f00000)
  to   space 19456K, 0% used [0x00000000e1d80000,0x00000000e1d80000,0x00000000e3080000)
 ParOldGen       total 90624K, used 24002K [0x0000000081c00000, 0x0000000087480000, 0x00000000d5f00000)
  object space 90624K, 26% used [0x0000000081c00000,0x0000000083370aa8,0x0000000087480000)
 Metaspace       used 56869K, capacity 58754K, committed 59008K, reserved 1099776K
  class space    used 7700K, capacity 8047K, committed 8064K, reserved 1048576K
Event: 23.105 GC heap after
Heap after GC invocations=13 (full 2):
 PSYoungGen      total 214528K, used 1194K [0x00000000d5f00000, 0x00000000e4480000, 0x0000000100000000)
  eden space 195072K, 0% used [0x00000000d5f00000,0x00000000d5f00000,0x00000000e1d80000)
  from space 19456K, 6% used [0x00000000e1d80000,0x00000000e1eaab20,0x00000000e3080000)
  to   space 14848K, 0% used [0x00000000e3080000,0x00000000e3080000,0x00000000e3f00000)
 ParOldGen       total 90624K, used 35574K [0x0000000081c00000, 0x0000000087480000, 0x00000000d5f00000)
  object space 90624K, 39% used [0x0000000081c00000,0x0000000083ebd970,0x0000000087480000)
 Metaspace       used 56869K, capacity 58754K, committed 59008K, reserved 1099776K
  class space    used 7700K, capacity 8047K, committed 8064K, reserved 1048576K
}
Event: 23.105 GC heap before
{Heap before GC invocations=14 (full 3):
 PSYoungGen      total 214528K, used 1194K [0x00000000d5f00000, 0x00000000e4480000, 0x0000000100000000)
  eden space 195072K, 0% used [0x00000000d5f00000,0x00000000d5f00000,0x00000000e1d80000)
  from space 19456K, 6% used [0x00000000e1d80000,0x00000000e1eaab20,0x00000000e3080000)
  to   space 14848K, 0% used [0x00000000e3080000,0x00000000e3080000,0x00000000e3f00000)
 ParOldGen       total 90624K, used 35574K [0x0000000081c00000, 0x0000000087480000, 0x00000000d5f00000)
  object space 90624K, 39% used [0x0000000081c00000,0x0000000083ebd970,0x0000000087480000)
 Metaspace       used 56869K, capacity 58754K, committed 59008K, reserved 1099776K
  class space    used 7700K, capacity 8047K, committed 8064K, reserved 1048576K
Event: 23.452 GC heap after
Heap after GC invocations=14 (full 3):
 PSYoungGen      total 214528K, used 0K [0x00000000d5f00000, 0x00000000e4480000, 0x0000000100000000)
  eden space 195072K, 0% used [0x00000000d5f00000,0x00000000d5f00000,0x00000000e1d80000)
  from space 19456K, 0% used [0x00000000e1d80000,0x00000000e1d80000,0x00000000e3080000)
  to   space 14848K, 0% used [0x00000000e3080000,0x00000000e3080000,0x00000000e3f00000)
 ParOldGen       total 90624K, used 25595K [0x0000000081c00000, 0x0000000087480000, 0x00000000d5f00000)
  object space 90624K, 28% used [0x0000000081c00000,0x00000000834fecd0,0x0000000087480000)
 Metaspace       used 56869K, capacity 58754K, committed 59008K, reserved 1099776K
  class space    used 7700K, capacity 8047K, committed 8064K, reserved 1048576K
}

